<?xml version="1.0" encoding="utf-8"?><testsuites name="pytest tests"><testsuite name="pytest" errors="0" failures="0" skipped="0" tests="15" time="63.211" timestamp="2026-04-28T15:35:42.727967+00:00" hostname="agent-env-934e2f1f-f7ee-474e-98bb-982bf3d9a9af"><testcase classname="tests.test_new_endpoints.TestVoice" name="test_voice_hindi" time="6.946" /><testcase classname="tests.test_new_endpoints.TestSnap" name="test_snap_solve" time="4.849" /><testcase classname="tests.test_new_endpoints.TestWellbeing" name="test_mood_checkin" time="3.171" /><testcase classname="tests.test_new_endpoints.TestWellbeing" name="test_mood_history" time="0.148" /><testcase classname="tests.test_new_endpoints.TestWellbeing" name="test_burnout_score" time="0.129" /><testcase classname="tests.test_new_endpoints.TestWellbeing" name="test_daily_spark" time="2.868" /><testcase classname="tests.test_new_endpoints.TestWellbeing" name="test_daily_spark_refresh" time="5.715" /><testcase classname="tests.test_new_endpoints.TestWellbeing" name="test_streak" time="0.144" /><testcase classname="tests.test_new_endpoints.TestReels" name="test_generate_reels" time="26.833" /><testcase classname="tests.test_new_endpoints.TestReels" name="test_get_reels_by_study_set" time="3.996" /><testcase classname="tests.test_new_endpoints.TestReels" name="test_get_reels_404" time="0.132" /><testcase classname="tests.test_new_endpoints.TestExplainThreeWays" name="test_explain" time="7.805" /><testcase classname="tests.test_new_endpoints.TestExplainThreeWays" name="test_explain_too_short" time="0.165" /><testcase classname="tests.test_new_endpoints.TestAuthGuards" name="test_voice_unauthenticated" time="0.116" /><testcase classname="tests.test_new_endpoints.TestAuthGuards" name="test_mood_history_unauthenticated" time="0.107" /></testsuite></testsuites>