<?xml version="1.0" encoding="utf-8"?><testsuites name="pytest tests"><testsuite name="pytest" errors="0" failures="0" skipped="0" tests="25" time="78.311" timestamp="2026-04-28T11:56:13.595263+00:00" hostname="agent-env-934e2f1f-f7ee-474e-98bb-982bf3d9a9af"><testcase classname="backend.tests.test_studypilot_api.TestAuth" name="test_root" time="0.179" /><testcase classname="backend.tests.test_studypilot_api.TestAuth" name="test_signup_and_login" time="0.796" /><testcase classname="backend.tests.test_studypilot_api.TestAuth" name="test_login_wrong_password" time="0.393" /><testcase classname="backend.tests.test_studypilot_api.TestAuth" name="test_me" time="0.151" /><testcase classname="backend.tests.test_studypilot_api.TestAuth" name="test_me_unauthenticated" time="0.104" /><testcase classname="backend.tests.test_studypilot_api.TestAuth" name="test_logout" time="0.110" /><testcase classname="backend.tests.test_studypilot_api.TestStudySets" name="test_list_after_upload" time="0.265" /><testcase classname="backend.tests.test_studypilot_api.TestStudySets" name="test_get_detail" time="0.108" /><testcase classname="backend.tests.test_studypilot_api.TestStudySets" name="test_get_detail_404" time="0.140" /><testcase classname="backend.tests.test_studypilot_api.TestStudySets" name="test_upload_requires_input" time="0.108" /><testcase classname="backend.tests.test_studypilot_api.TestNotes" name="test_generate_summarized" time="7.136" /><testcase classname="backend.tests.test_studypilot_api.TestFlashcards" name="test_generate_and_update_difficulty" time="6.826" /><testcase classname="backend.tests.test_studypilot_api.TestFlashcards" name="test_update_difficulty_404" time="0.106" /><testcase classname="backend.tests.test_studypilot_api.TestQuiz" name="test_generate_returns_10_questions" time="13.857" /><testcase classname="backend.tests.test_studypilot_api.TestQuiz" name="test_submit" time="0.148" /><testcase classname="backend.tests.test_studypilot_api.TestArcade" name="test_generate_modes[match]" time="2.524" /><testcase classname="backend.tests.test_studypilot_api.TestArcade" name="test_generate_modes[fill]" time="7.581" /><testcase classname="backend.tests.test_studypilot_api.TestArcade" name="test_generate_modes[blitz]" time="9.132" /><testcase classname="backend.tests.test_studypilot_api.TestArcade" name="test_score_and_leaderboard" time="0.243" /><testcase classname="backend.tests.test_studypilot_api.TestSparke" name="test_chat" time="3.456" /><testcase classname="backend.tests.test_studypilot_api.TestSparke" name="test_essay_grade" time="12.421" /><testcase classname="backend.tests.test_studypilot_api.TestSparke" name="test_essay_too_short" time="0.125" /><testcase classname="backend.tests.test_studypilot_api.TestCalendar" name="test_schedule_returns_events" time="11.994" /><testcase classname="backend.tests.test_studypilot_api.TestCalendar" name="test_list_events" time="0.126" /><testcase classname="backend.tests.test_studypilot_api.TestCalendar" name="test_delete_event" time="0.209" /></testsuite></testsuites>