<?xml version="1.0" encoding="utf-8"?><testsuites name="pytest tests"><testsuite name="pytest" errors="0" failures="0" skipped="0" tests="16" time="179.738" timestamp="2026-04-29T05:27:25.448154+00:00" hostname="agent-env-934e2f1f-f7ee-474e-98bb-982bf3d9a9af"><testcase classname="tests.test_v3_endpoints.TestAudioRecap" name="test_podcast" time="25.241" /><testcase classname="tests.test_v3_endpoints.TestAudioRecap" name="test_lecture" time="11.685" /><testcase classname="tests.test_v3_endpoints.TestAudioRecap" name="test_audiobook" time="12.279" /><testcase classname="tests.test_v3_endpoints.TestAudioRecap" name="test_summary" time="10.452" /><testcase classname="tests.test_v3_endpoints.TestAudioRecap" name="test_list_recaps" time="0.170" /><testcase classname="tests.test_v3_endpoints.TestAudioRecap" name="test_get_recap_by_id" time="0.135" /><testcase classname="tests.test_v3_endpoints.TestAudioRecap" name="test_get_recap_404" time="0.106" /><testcase classname="tests.test_v3_endpoints.TestExplainer" name="test_explainer_from_study_set" time="55.642" /><testcase classname="tests.test_v3_endpoints.TestExplainer" name="test_explainer_from_topic_only" time="58.341" /><testcase classname="tests.test_v3_endpoints.TestExplainer" name="test_explainer_missing_inputs" time="0.171" /><testcase classname="tests.test_v3_endpoints.TestExplainer" name="test_list_explainers" time="0.103" /><testcase classname="tests.test_v3_endpoints.TestExplainer" name="test_get_explainer_by_id" time="0.113" /><testcase classname="tests.test_v3_endpoints.TestExplainer" name="test_get_explainer_404" time="0.163" /><testcase classname="tests.test_v3_endpoints.TestVoiceLanguage" name="test_voice_hindi_devanagari" time="4.775" /><testcase classname="tests.test_v3_endpoints.TestAuthGuards" name="test_audio_recap_unauthenticated" time="0.122" /><testcase classname="tests.test_v3_endpoints.TestAuthGuards" name="test_explainer_unauthenticated" time="0.144" /></testsuite></testsuites>